
> query-generator.app@0.0.0 start
> ng serve --host 0.0.0.0 --port 4200


Warning: This is a simple server for use in testing or debugging Angular applications
locally. It hasn't been reviewed for security issues.

Binding this server to an open connection can result in compromising your application or
computer. Using a different host than the one passed to the "--host" flag might result in
websocket connection issues.

❯ Building...
✔ Building...
Initial chunk files | Names         | Raw size
main.js             | main          | 28.02 kB |
styles.css          | styles        | 95 bytes |

                    | Initial total | 28.11 kB

Application bundle generation complete. [2.375 seconds] - 2026-05-27T13:56:15.222Z

Watch mode enabled. Watching for file changes...
NOTE: Raw file sizes do not reflect development server per-request transformations.
1:56:15 PM [vite] (client) Re-optimizing dependencies because lockfile has changed
  ➜  Local:   http://localhost:4200/
  ➜  Network: http://192.168.0.2:4200/
❯ Changes detected. Rebuilding...
✔ Changes detected. Rebuilding...
Application bundle generation failed. [0.223 seconds] - 2026-05-27T13:58:40.545Z

[31m✘ [41;31m[[41;97mERROR[41;31m][0m [1mTS6053: File '/app/Tools/QueryGenerator.App/node_modules/typescript/lib/lib.es2022.full.d.ts' not found.
  The file is in the program because:
    Default library for target 'es2022'[0m [1m[35m[plugin angular-compiler][0m


[31m✘ [41;31m[[41;97mERROR[41;31m][0m [1mTS2318: Cannot find global type 'Array'.[0m [1m[35m[plugin angular-compiler][0m


[31m✘ [41;31m[[41;97mERROR[41;31m][0m [1mTS2318: Cannot find global type 'Boolean'.[0m [1m[35m[plugin angular-compiler][0m


[31m✘ [41;31m[[41;97mERROR[41;31m][0m [1mTS2318: Cannot find global type 'CallableFunction'.[0m [1m[35m[plugin angular-compiler][0m


[31m✘ [41;31m[[41;97mERROR[41;31m][0m [1mTS2318: Cannot find global type 'Function'.[0m [1m[35m[plugin angular-compiler][0m


[31m✘ [41;31m[[41;97mERROR[41;31m][0m [1mTS2318: Cannot find global type 'IArguments'.[0m [1m[35m[plugin angular-compiler][0m


[31m✘ [41;31m[[41;97mERROR[41;31m][0m [1mTS2318: Cannot find global type 'NewableFunction'.[0m [1m[35m[plugin angular-compiler][0m


[31m✘ [41;31m[[41;97mERROR[41;31m][0m [1mTS2318: Cannot find global type 'Number'.[0m [1m[35m[plugin angular-compiler][0m


[31m✘ [41;31m[[41;97mERROR[41;31m][0m [1mTS2318: Cannot find global type 'Object'.[0m [1m[35m[plugin angular-compiler][0m


[31m✘ [41;31m[[41;97mERROR[41;31m][0m [1mTS2318: Cannot find global type 'RegExp'.[0m [1m[35m[plugin angular-compiler][0m


[31m✘ [41;31m[[41;97mERROR[41;31m][0m [1mTS2318: Cannot find global type 'String'.[0m [1m[35m[plugin angular-compiler][0m


[31m✘ [41;31m[[41;97mERROR[41;31m][0m [1mTS2307: Cannot find module '@angular/core' or its corresponding type declarations.[0m [1m[35m[plugin angular-compiler][0m

    src/app/app.config.ts:1:62:
[37m      1 │ ...plicationConfig, provideZoneChangeDetection } from [32m'@angular/core'[37m;
        ╵                                                       [32m~~~~~~~~~~~~~~~[0m


[31m✘ [41;31m[[41;97mERROR[41;31m][0m [1mTS2307: Cannot find module '@angular/router' or its corresponding type declarations.[0m [1m[35m[plugin angular-compiler][0m

    src/app/app.config.ts:2:30:
[37m      2 │ import { provideRouter } from [32m'@angular/router'[37m;
        ╵                               [32m~~~~~~~~~~~~~~~~~[0m


[31m✘ [41;31m[[41;97mERROR[41;31m][0m [1mTS2307: Cannot find module '@angular/common/http' or its corresponding type declarations.[0m [1m[35m[plugin angular-compiler][0m

    src/app/app.config.ts:3:34:
[37m      3 │ import { provideHttpClient } from [32m'@angular/common/http'[37m;
        ╵                                   [32m~~~~~~~~~~~~~~~~~~~~~~[0m


[31m✘ [41;31m[[41;97mERROR[41;31m][0m [1mTS2307: Cannot find module '@angular/router' or its corresponding type declarations.[0m [1m[35m[plugin angular-compiler][0m

    src/app/app.routes.ts:1:23:
[37m      1 │ import { Routes } from [32m'@angular/router'[37m;
        ╵                        [32m~~~~~~~~~~~~~~~~~[0m


[31m✘ [41;31m[[41;97mERROR[41;31m][0m [1mTS2307: Cannot find module '@angular/common/http' or its corresponding type declarations.[0m [1m[35m[plugin angular-compiler][0m

    src/app/app.ts:1:27:
[37m      1 │ import { HttpClient } from [32m'@angular/common/http'[37m;
        ╵                            [32m~~~~~~~~~~~~~~~~~~~~~~[0m


[31m✘ [41;31m[[41;97mERROR[41;31m][0m [1mTS2307: Cannot find module '@angular/core' or its corresponding type declarations.[0m [1m[35m[plugin angular-compiler][0m

    src/app/app.ts:2:34:
[37m      2 │ import { Component, OnInit } from [32m'@angular/core'[37m;
        ╵                                   [32m~~~~~~~~~~~~~~~[0m


[31m✘ [41;31m[[41;97mERROR[41;31m][0m [1mTS2307: Cannot find module '@angular/forms' or its corresponding type declarations.[0m [1m[35m[plugin angular-compiler][0m

    src/app/app.ts:3:28:
[37m      3 │ import { FormsModule } from [32m'@angular/forms'[37m;
        ╵                             [32m~~~~~~~~~~~~~~~~[0m


[31m✘ [41;31m[[41;97mERROR[41;31m][0m [1mTS2307: Cannot find module '@angular/common' or its corresponding type declarations.[0m [1m[35m[plugin angular-compiler][0m

    src/app/app.ts:4:29:
[37m      4 │ import { CommonModule } from [32m'@angular/common'[37m;
        ╵                              [32m~~~~~~~~~~~~~~~~~[0m


[31m✘ [41;31m[[41;97mERROR[41;31m][0m [1mTS2354: This syntax requires an imported helper but module 'tslib' cannot be found.[0m [1m[35m[plugin angular-compiler][0m

    src/app/app.ts:40:0:
[37m      40 │ [32m@Component({[37m
         ╵ [32m~~~~~~~~~~~~[0m


[31m✘ [41;31m[[41;97mERROR[41;31m][0m [1mNG2003: No suitable injection token for parameter 'http' of class 'AppComponent'.
  Consider using the @Inject decorator to specify an injection token.[0m [1m[35m[plugin angular-compiler][0m

    src/app/app.ts:68:22:
[37m      68 │   constructor(private [32mhttp[37m: HttpClient) {}
         ╵                       [32m~~~~[0m

  This type does not have a value, so it cannot be used as injection token.

    src/app/app.ts:68:28:
[37m      68 │   constructor(private http: [32mHttpClient[37m) {}
         ╵                             [32m~~~~~~~~~~[0m


[31m✘ [41;31m[[41;97mERROR[41;31m][0m [1mTS2339: Property 'push' does not exist on type '{}'.[0m [1m[35m[plugin angular-compiler][0m

    src/app/app.ts:75:22:
[37m      75 │     this.config.taxes.[32mpush[37m({ tipoReg: '46', clase: '1', valorTerce...
         ╵                       [32m~~~~[0m


[31m✘ [41;31m[[41;97mERROR[41;31m][0m [1mTS2339: Property 'splice' does not exist on type '{}'.[0m [1m[35m[plugin angular-compiler][0m

    src/app/app.ts:79:22:
[37m      79 │     this.config.taxes.[32msplice[37m(index, 1);
         ╵                       [32m~~~~~~[0m


[31m✘ [41;31m[[41;97mERROR[41;31m][0m [1mTS2339: Property 'push' does not exist on type '{}'.[0m [1m[35m[plugin angular-compiler][0m

    src/app/app.ts:83:32:
[37m      83 │     this.config.dynamicEntities.[32mpush[37m({
         ╵                                 [32m~~~~[0m


[31m✘ [41;31m[[41;97mERROR[41;31m][0m [1mTS2339: Property 'splice' does not exist on type '{}'.[0m [1m[35m[plugin angular-compiler][0m

    src/app/app.ts:93:32:
[37m      93 │     this.config.dynamicEntities.[32msplice[37m(index, 1);
         ╵                                 [32m~~~~~~[0m


[31m✘ [41;31m[[41;97mERROR[41;31m][0m [1mTS7006: Parameter 'blob' implicitly has an 'any' type.[0m [1m[35m[plugin angular-compiler][0m

    src/app/app.ts:98:17:
[37m      98 │       .subscribe([32mblob[37m => {
         ╵                  [32m~~~~[0m


[31m✘ [41;31m[[41;97mERROR[41;31m][0m [1mTS2304: Cannot find name 'window'.[0m [1m[35m[plugin angular-compiler][0m

    src/app/app.ts:99:20:
[37m      99 │         const url = [32mwindow[37m.URL.createObjectURL(blob);
         ╵                     [32m~~~~~~[0m


[31m✘ [41;31m[[41;97mERROR[41;31m][0m [1mTS2584: Cannot find name 'document'. Do you need to change your target library? Try changing the 'lib' compiler option to include 'dom'.[0m [1m[35m[plugin angular-compiler][0m

    src/app/app.ts:100:18:
[37m      100 │         const a = [32mdocument[37m.createElement('a');
          ╵                   [32m~~~~~~~~[0m


[31m✘ [41;31m[[41;97mERROR[41;31m][0m [1mTS2584: Cannot find name 'document'. Do you need to change your target library? Try changing the 'lib' compiler option to include 'dom'.[0m [1m[35m[plugin angular-compiler][0m

    src/app/app.ts:103:8:
[37m      103 │         [32mdocument[37m.body.appendChild(a);
          ╵         [32m~~~~~~~~[0m


[31m✘ [41;31m[[41;97mERROR[41;31m][0m [1mTS2584: Cannot find name 'document'. Do you need to change your target library? Try changing the 'lib' compiler option to include 'dom'.[0m [1m[35m[plugin angular-compiler][0m

    src/app/app.ts:105:8:
[37m      105 │         [32mdocument[37m.body.removeChild(a);
          ╵         [32m~~~~~~~~[0m


[31m✘ [41;31m[[41;97mERROR[41;31m][0m [1mTS2307: Cannot find module '@angular/platform-browser' or its corresponding type declarations.[0m [1m[35m[plugin angular-compiler][0m

    src/main.ts:2:37:
[37m      2 │ import { bootstrapApplication } from [32m'@angular/platform-browser'[37m;
        ╵                                      [32m~~~~~~~~~~~~~~~~~~~~~~~~~~~[0m


[31m✘ [41;31m[[41;97mERROR[41;31m][0m [1mTS7006: Parameter 'err' implicitly has an 'any' type.[0m [1m[35m[plugin angular-compiler][0m

    src/main.ts:7:10:
[37m      7 │   .catch(([32merr[37m) => console.error(err));
        ╵           [32m~~~[0m


[31m✘ [41;31m[[41;97mERROR[41;31m][0m [1mTS2584: Cannot find name 'console'. Do you need to change your target library? Try changing the 'lib' compiler option to include 'dom'.[0m [1m[35m[plugin angular-compiler][0m

    src/main.ts:7:18:
[37m      7 │   .catch((err) => [32mconsole[37m.error(err));
        ╵                   [32m~~~~~~~[0m
